{"/home/runner/work/crud-libros-ci/crud-libros-ci/app.js": {"path":"/home/runner/work/crud-libros-ci/crud-libros-ci/app.js","statementMap":{"0":{"start":{"line":1,"column":16},"end":{"line":1,"column":34}},"1":{"start":{"line":2,"column":12},"end":{"line":2,"column":21}},"2":{"start":{"line":3,"column":15},"end":{"line":3,"column":34}},"3":{"start":{"line":5,"column":0},"end":{"line":5,"column":24}},"4":{"start":{"line":7,"column":0},"end":{"line":9,"column":3}},"5":{"start":{"line":8,"column":2},"end":{"line":8,"column":40}},"6":{"start":{"line":11,"column":0},"end":{"line":15,"column":3}},"7":{"start":{"line":12,"column":16},"end":{"line":12,"column":55}},"8":{"start":{"line":13,"column":2},"end":{"line":13,"column":76}},"9":{"start":{"line":13,"column":14},"end":{"line":13,"column":76}},"10":{"start":{"line":14,"column":2},"end":{"line":14,"column":30}},"11":{"start":{"line":17,"column":0},"end":{"line":24,"column":3}},"12":{"start":{"line":18,"column":34},"end":{"line":18,"column":42}},"13":{"start":{"line":19,"column":2},"end":{"line":21,"column":3}},"14":{"start":{"line":20,"column":4},"end":{"line":20,"column":71}},"15":{"start":{"line":22,"column":16},"end":{"line":22,"column":50}},"16":{"start":{"line":23,"column":2},"end":{"line":23,"column":30}},"17":{"start":{"line":26,"column":0},"end":{"line":31,"column":3}},"18":{"start":{"line":27,"column":34},"end":{"line":27,"column":42}},"19":{"start":{"line":28,"column":22},"end":{"line":28,"column":81}},"20":{"start":{"line":29,"column":2},"end":{"line":29,"column":82}},"21":{"start":{"line":29,"column":20},"end":{"line":29,"column":82}},"22":{"start":{"line":30,"column":2},"end":{"line":30,"column":36}},"23":{"start":{"line":33,"column":0},"end":{"line":37,"column":3}},"24":{"start":{"line":34,"column":20},"end":{"line":34,"column":58}},"25":{"start":{"line":35,"column":2},"end":{"line":35,"column":80}},"26":{"start":{"line":35,"column":18},"end":{"line":35,"column":80}},"27":{"start":{"line":36,"column":2},"end":{"line":36,"column":69}},"28":{"start":{"line":39,"column":0},"end":{"line":44,"column":3}},"29":{"start":{"line":40,"column":20},"end":{"line":42,"column":3}},"30":{"start":{"line":41,"column":4},"end":{"line":41,"column":68}},"31":{"start":{"line":43,"column":2},"end":{"line":43,"column":34}},"32":{"start":{"line":46,"column":0},"end":{"line":46,"column":21}}},"fnMap":{"0":{"name":"(anonymous_0)","decl":{"start":{"line":7,"column":19},"end":{"line":7,"column":20}},"loc":{"start":{"line":7,"column":33},"end":{"line":9,"column":1}},"line":7},"1":{"name":"(anonymous_1)","decl":{"start":{"line":11,"column":23},"end":{"line":11,"column":24}},"loc":{"start":{"line":11,"column":37},"end":{"line":15,"column":1}},"line":11},"2":{"name":"(anonymous_2)","decl":{"start":{"line":17,"column":20},"end":{"line":17,"column":21}},"loc":{"start":{"line":17,"column":34},"end":{"line":24,"column":1}},"line":17},"3":{"name":"(anonymous_3)","decl":{"start":{"line":26,"column":23},"end":{"line":26,"column":24}},"loc":{"start":{"line":26,"column":37},"end":{"line":31,"column":1}},"line":26},"4":{"name":"(anonymous_4)","decl":{"start":{"line":33,"column":26},"end":{"line":33,"column":27}},"loc":{"start":{"line":33,"column":40},"end":{"line":37,"column":1}},"line":33},"5":{"name":"(anonymous_5)","decl":{"start":{"line":39,"column":34},"end":{"line":39,"column":35}},"loc":{"start":{"line":39,"column":48},"end":{"line":44,"column":1}},"line":39},"6":{"name":"(anonymous_6)","decl":{"start":{"line":40,"column":43},"end":{"line":40,"column":44}},"loc":{"start":{"line":41,"column":4},"end":{"line":41,"column":68}},"line":41}},"branchMap":{"0":{"loc":{"start":{"line":13,"column":2},"end":{"line":13,"column":76}},"type":"if","locations":[{"start":{"line":13,"column":2},"end":{"line":13,"column":76}},{"start":{},"end":{}}],"line":13},"1":{"loc":{"start":{"line":19,"column":2},"end":{"line":21,"column":3}},"type":"if","locations":[{"start":{"line":19,"column":2},"end":{"line":21,"column":3}},{"start":{},"end":{}}],"line":19},"2":{"loc":{"start":{"line":19,"column":6},"end":{"line":19,"column":32}},"type":"binary-expr","locations":[{"start":{"line":19,"column":6},"end":{"line":19,"column":13}},{"start":{"line":19,"column":17},"end":{"line":19,"column":23}},{"start":{"line":19,"column":27},"end":{"line":19,"column":32}}],"line":19},"3":{"loc":{"start":{"line":29,"column":2},"end":{"line":29,"column":82}},"type":"if","locations":[{"start":{"line":29,"column":2},"end":{"line":29,"column":82}},{"start":{},"end":{}}],"line":29},"4":{"loc":{"start":{"line":35,"column":2},"end":{"line":35,"column":80}},"type":"if","locations":[{"start":{"line":35,"column":2},"end":{"line":35,"column":80}},{"start":{},"end":{}}],"line":35}},"s":{"0":1,"1":1,"2":1,"3":1,"4":1,"5":1,"6":1,"7":2,"8":2,"9":1,"10":1,"11":1,"12":2,"13":2,"14":1,"15":1,"16":1,"17":1,"18":1,"19":1,"20":1,"21":0,"22":1,"23":1,"24":2,"25":2,"26":1,"27":1,"28":1,"29":0,"30":0,"31":0,"32":1},"f":{"0":1,"1":2,"2":2,"3":1,"4":2,"5":0,"6":0},"b":{"0":[1,1],"1":[1,1],"2":[2,2,1],"3":[0,1],"4":[1,1]},"_coverageSchema":"1a1c01bbd47fc00a2c39e90264f33305004495a9","hash":"92fb6d2a1da9dbe42f45247a429fdf99134baedf"}
,"/home/runner/work/crud-libros-ci/crud-libros-ci/libros.js": {"path":"/home/runner/work/crud-libros-ci/crud-libros-ci/libros.js","statementMap":{"0":{"start":{"line":1,"column":15},"end":{"line":4,"column":1}},"1":{"start":{"line":6,"column":13},"end":{"line":6,"column":14}},"2":{"start":{"line":8,"column":15},"end":{"line":8,"column":27}},"3":{"start":{"line":8,"column":21},"end":{"line":8,"column":27}},"4":{"start":{"line":10,"column":16},"end":{"line":10,"column":55}},"5":{"start":{"line":10,"column":24},"end":{"line":10,"column":55}},"6":{"start":{"line":10,"column":43},"end":{"line":10,"column":54}},"7":{"start":{"line":12,"column":15},"end":{"line":16,"column":1}},"8":{"start":{"line":13,"column":16},"end":{"line":13,"column":53}},"9":{"start":{"line":14,"column":2},"end":{"line":14,"column":21}},"10":{"start":{"line":15,"column":2},"end":{"line":15,"column":15}},"11":{"start":{"line":18,"column":15},"end":{"line":25,"column":1}},"12":{"start":{"line":19,"column":16},"end":{"line":19,"column":47}},"13":{"start":{"line":19,"column":35},"end":{"line":19,"column":46}},"14":{"start":{"line":20,"column":2},"end":{"line":20,"column":26}},"15":{"start":{"line":20,"column":14},"end":{"line":20,"column":26}},"16":{"start":{"line":21,"column":2},"end":{"line":21,"column":24}},"17":{"start":{"line":22,"column":2},"end":{"line":22,"column":22}},"18":{"start":{"line":23,"column":2},"end":{"line":23,"column":20}},"19":{"start":{"line":24,"column":2},"end":{"line":24,"column":15}},"20":{"start":{"line":27,"column":15},"end":{"line":32,"column":1}},"21":{"start":{"line":28,"column":16},"end":{"line":28,"column":52}},"22":{"start":{"line":28,"column":40},"end":{"line":28,"column":51}},"23":{"start":{"line":29,"column":2},"end":{"line":29,"column":33}},"24":{"start":{"line":29,"column":20},"end":{"line":29,"column":33}},"25":{"start":{"line":30,"column":2},"end":{"line":30,"column":26}},"26":{"start":{"line":31,"column":2},"end":{"line":31,"column":14}},"27":{"start":{"line":34,"column":0},"end":{"line":34,"column":61}}},"fnMap":{"0":{"name":"(anonymous_0)","decl":{"start":{"line":8,"column":15},"end":{"line":8,"column":16}},"loc":{"start":{"line":8,"column":21},"end":{"line":8,"column":27}},"line":8},"1":{"name":"(anonymous_1)","decl":{"start":{"line":10,"column":16},"end":{"line":10,"column":17}},"loc":{"start":{"line":10,"column":24},"end":{"line":10,"column":55}},"line":10},"2":{"name":"(anonymous_2)","decl":{"start":{"line":10,"column":36},"end":{"line":10,"column":37}},"loc":{"start":{"line":10,"column":43},"end":{"line":10,"column":54}},"line":10},"3":{"name":"(anonymous_3)","decl":{"start":{"line":12,"column":15},"end":{"line":12,"column":16}},"loc":{"start":{"line":12,"column":40},"end":{"line":16,"column":1}},"line":12},"4":{"name":"(anonymous_4)","decl":{"start":{"line":18,"column":15},"end":{"line":18,"column":16}},"loc":{"start":{"line":18,"column":44},"end":{"line":25,"column":1}},"line":18},"5":{"name":"(anonymous_5)","decl":{"start":{"line":19,"column":28},"end":{"line":19,"column":29}},"loc":{"start":{"line":19,"column":35},"end":{"line":19,"column":46}},"line":19},"6":{"name":"(anonymous_6)","decl":{"start":{"line":27,"column":15},"end":{"line":27,"column":16}},"loc":{"start":{"line":27,"column":23},"end":{"line":32,"column":1}},"line":27},"7":{"name":"(anonymous_7)","decl":{"start":{"line":28,"column":33},"end":{"line":28,"column":34}},"loc":{"start":{"line":28,"column":40},"end":{"line":28,"column":51}},"line":28}},"branchMap":{"0":{"loc":{"start":{"line":20,"column":2},"end":{"line":20,"column":26}},"type":"if","locations":[{"start":{"line":20,"column":2},"end":{"line":20,"column":26}},{"start":{},"end":{}}],"line":20},"1":{"loc":{"start":{"line":29,"column":2},"end":{"line":29,"column":33}},"type":"if","locations":[{"start":{"line":29,"column":2},"end":{"line":29,"column":33}},{"start":{},"end":{}}],"line":29}},"s":{"0":1,"1":1,"2":1,"3":1,"4":1,"5":2,"6":3,"7":1,"8":1,"9":1,"10":1,"11":1,"12":1,"13":2,"14":1,"15":0,"16":1,"17":1,"18":1,"19":1,"20":1,"21":2,"22":3,"23":2,"24":1,"25":1,"26":1,"27":1},"f":{"0":1,"1":2,"2":3,"3":1,"4":1,"5":2,"6":2,"7":3},"b":{"0":[0,1],"1":[1,1]},"_coverageSchema":"1a1c01bbd47fc00a2c39e90264f33305004495a9","hash":"40eafd53f03cfe5cd1fcec58a73bdb3cf4799622"}
}
